<?xml version="1.0" encoding="UTF-8"?>
<testng-results ignored="0" total="3" passed="3" failed="0" skipped="0">
  <reporter-output>
  </reporter-output>
  <suite started-at="2024-03-22T16:02:47 IST" name="Suite" finished-at="2024-03-22T16:06:26 IST" duration-ms="218580">
    <groups>
    </groups>
    <test started-at="2024-03-22T16:02:47 IST" name="ChromeTest" finished-at="2024-03-22T16:06:26 IST" duration-ms="218580">
      <class name="TestCases.TC001_beCognizant">
        <test-method is-config="true" signature="setUp(java.lang.String)[pri:0, instance:TestCases.TC001_beCognizant@34123d65]" started-at="2024-03-22T16:02:48 IST" name="setUp" finished-at="2024-03-22T16:03:27 IST" duration-ms="39048" status="PASS">
          <params>
            <param index="0">
              <value>
                <![CDATA[Chrome]]>
              </value>
            </param>
          </params>
          <reporter-output>
          </reporter-output>
        </test-method> <!-- setUp -->
        <test-method signature="userVerification()[pri:1, instance:TestCases.TC001_beCognizant@34123d65]" started-at="2024-03-22T16:03:27 IST" name="userVerification" finished-at="2024-03-22T16:04:18 IST" duration-ms="50748" status="PASS">
          <reporter-output>
          </reporter-output>
        </test-method> <!-- userVerification -->
        <test-method signature="oneCognizantFunctions(java.lang.String)[pri:2, instance:TestCases.TC001_beCognizant@34123d65]" started-at="2024-03-22T16:04:18 IST" name="oneCognizantFunctions" finished-at="2024-03-22T16:04:31 IST" duration-ms="12993" status="PASS">
          <params>
            <param index="0">
              <value>
                <![CDATA[Chrome]]>
              </value>
            </param>
          </params>
          <reporter-output>
          </reporter-output>
        </test-method> <!-- oneCognizantFunctions -->
        <test-method signature="timeSheetNavigation()[pri:3, instance:TestCases.TC001_beCognizant@34123d65]" started-at="2024-03-22T16:04:31 IST" name="timeSheetNavigation" finished-at="2024-03-22T16:06:15 IST" duration-ms="103799" status="PASS">
          <reporter-output>
          </reporter-output>
        </test-method> <!-- timeSheetNavigation -->
        <test-method is-config="true" signature="tearDown()[pri:0, instance:TestCases.TC001_beCognizant@34123d65]" started-at="2024-03-22T16:06:15 IST" name="tearDown" finished-at="2024-03-22T16:06:26 IST" duration-ms="11182" status="PASS">
          <reporter-output>
          </reporter-output>
        </test-method> <!-- tearDown -->
      </class> <!-- TestCases.TC001_beCognizant -->
    </test> <!-- ChromeTest -->
  </suite> <!-- Suite -->
</testng-results>
